
404 error at 29-02-2016 16:14:33: http://localhost:5000/bro
404 error at 29-02-2016 16:14:57: http://localhost:5000/broff
404 error at 02-03-2016 11:27:50: http://localhost/thisDoesntExist/
404 error at 02-03-2016 11:27:51: http://localhost/thisDoesntExist/
404 error at 02-03-2016 11:27:51: http://localhost/thisDoesntExist/
404 error at 02-03-2016 11:28:03: http://localhost/thisDoesntExist/
404 error at 02-03-2016 11:28:03: http://localhost/thisDoesntExist/
404 error at 02-03-2016 11:30:21: http://localhost/thisDoesntExist/
404 error at 02-03-2016 11:30:21: http://localhost/thisDoesntExist/
404 error at 02-03-2016 11:30:21: http://localhost/thisDoesntExist/
404 error at 02-03-2016 11:30:31: http://localhost/thisDoesntExist/
404 error at 02-03-2016 11:30:31: http://localhost/thisDoesntExist/
404 error at 02-03-2016 11:31:12: http://localhost/thisDoesntExist/
404 error at 02-03-2016 11:31:12: http://localhost/thisDoesntExist/
404 error at 02-03-2016 11:31:12: http://localhost/thisDoesntExist/
404 error at 02-03-2016 11:31:21: http://localhost/thisDoesntExist/
404 error at 02-03-2016 11:31:21: http://localhost/thisDoesntExist/
404 error at 02-03-2016 11:31:52: http://localhost/thisDoesntExist/
404 error at 02-03-2016 11:31:52: http://localhost/thisDoesntExist/
404 error at 02-03-2016 11:31:52: http://localhost/thisDoesntExist/
404 error at 02-03-2016 11:32:02: http://localhost/thisDoesntExist/
404 error at 02-03-2016 11:32:02: http://localhost/thisDoesntExist/
404 error at 02-03-2016 11:34:54: http://localhost/thisDoesntExist/
404 error at 02-03-2016 11:34:54: http://localhost/thisDoesntExist/
404 error at 02-03-2016 11:34:54: http://localhost/thisDoesntExist/
404 error at 02-03-2016 11:35:05: http://localhost/thisDoesntExist/
404 error at 02-03-2016 11:35:05: http://localhost/thisDoesntExist/
404 error at 02-03-2016 11:35:42: http://localhost/thisDoesntExist/
404 error at 02-03-2016 11:35:43: http://localhost/thisDoesntExist/
404 error at 02-03-2016 11:35:44: http://localhost/thisDoesntExist/
404 error at 02-03-2016 11:35:54: http://localhost/thisDoesntExist/
404 error at 02-03-2016 11:35:55: http://localhost/thisDoesntExist/
404 error at 02-03-2016 11:36:37: http://localhost/thisDoesntExist/
404 error at 02-03-2016 11:36:38: http://localhost/thisDoesntExist/
404 error at 02-03-2016 11:36:38: http://localhost/thisDoesntExist/
404 error at 02-03-2016 11:36:49: http://localhost/thisDoesntExist/
404 error at 02-03-2016 11:36:50: http://localhost/thisDoesntExist/
404 error at 02-03-2016 11:37:24: http://localhost/thisDoesntExist/
404 error at 02-03-2016 11:37:24: http://localhost/thisDoesntExist/
404 error at 02-03-2016 11:37:25: http://localhost/thisDoesntExist/
404 error at 02-03-2016 11:37:35: http://localhost/thisDoesntExist/
404 error at 02-03-2016 11:37:36: http://localhost/thisDoesntExist/
404 error at 02-03-2016 11:37:54: http://localhost/thisDoesntExist/
404 error at 02-03-2016 11:37:55: http://localhost/thisDoesntExist/
404 error at 02-03-2016 11:37:57: http://localhost/thisDoesntExist/
404 error at 02-03-2016 11:38:07: http://localhost/thisDoesntExist/
404 error at 02-03-2016 11:38:07: http://localhost/thisDoesntExist/
404 error at 02-03-2016 11:45:24: http://localhost/thisDoesntExist/
404 error at 02-03-2016 11:45:25: http://localhost/thisDoesntExist/
404 error at 02-03-2016 11:45:26: http://localhost/thisDoesntExist/
404 error at 02-03-2016 11:45:36: http://localhost/thisDoesntExist/
404 error at 02-03-2016 11:45:37: http://localhost/thisDoesntExist/
404 error at 02-03-2016 11:57:24: http://localhost/thisDoesntExist/
404 error at 02-03-2016 11:57:26: http://localhost/thisDoesntExist/
404 error at 02-03-2016 11:57:27: http://localhost/thisDoesntExist/
404 error at 02-03-2016 11:57:39: http://localhost/thisDoesntExist/
404 error at 02-03-2016 11:57:40: http://localhost/thisDoesntExist/
404 error at 02-03-2016 13:15:29: http://localhost/thisDoesntExist/
404 error at 02-03-2016 13:15:31: http://localhost/thisDoesntExist/
404 error at 02-03-2016 13:15:31: http://localhost/thisDoesntExist/
404 error at 02-03-2016 13:15:45: http://localhost/thisDoesntExist/
404 error at 02-03-2016 13:15:46: http://localhost/thisDoesntExist/
404 error at 02-03-2016 15:14:30: http://localhost/thisDoesntExist/
404 error at 02-03-2016 15:14:31: http://localhost/api/v1/tasks/
404 error at 02-03-2016 15:14:31: http://localhost/thisDoesntExist/
404 error at 02-03-2016 15:14:31: http://localhost/thisDoesntExist/
404 error at 02-03-2016 15:14:42: http://localhost/thisDoesntExist/
404 error at 02-03-2016 15:14:43: http://localhost/thisDoesntExist/
404 error at 02-03-2016 15:38:55: http://localhost/thisDoesntExist/
404 error at 02-03-2016 15:38:57: http://localhost/thisDoesntExist/
404 error at 02-03-2016 15:38:58: http://localhost/thisDoesntExist/
404 error at 02-03-2016 15:39:08: http://localhost/thisDoesntExist/
404 error at 02-03-2016 15:39:08: http://localhost/thisDoesntExist/
404 error at 02-03-2016 15:39:51: http://localhost/thisDoesntExist/
404 error at 02-03-2016 15:39:52: http://localhost/thisDoesntExist/
404 error at 02-03-2016 15:39:52: http://localhost/thisDoesntExist/
404 error at 02-03-2016 15:40:04: http://localhost/thisDoesntExist/
404 error at 02-03-2016 15:40:04: http://localhost/thisDoesntExist/
404 error at 02-03-2016 21:47:21: http://localhost/api/v1/tasks/1/
404 error at 02-03-2016 22:07:31: http://localhost/thisDoesntExist/
404 error at 02-03-2016 22:07:32: http://localhost/thisDoesntExist/
404 error at 02-03-2016 22:07:32: http://localhost/thisDoesntExist/
404 error at 02-03-2016 22:07:42: http://localhost/thisDoesntExist/
404 error at 02-03-2016 22:07:43: http://localhost/thisDoesntExist/
404 error at 02-03-2016 22:10:44: http://localhost/thisDoesntExist/
404 error at 02-03-2016 22:10:45: http://localhost/thisDoesntExist/
404 error at 02-03-2016 22:10:45: http://localhost/thisDoesntExist/
404 error at 02-03-2016 22:10:55: http://localhost/thisDoesntExist/
404 error at 02-03-2016 22:10:56: http://localhost/thisDoesntExist/